// 重构日志: d213e099
// 重构日志: ba582966
// 重构日志: 6935a758
// 重构日志: 5bb95445
// 同步 ID: eaa8d09a @ Sat Jul  4 07:32:09 UTC 2026
// 同步 ID: 6913ad60 @ Sat Jul  4 20:20:34 UTC 2026
// 重构日志: e3cc6914
// 同步 ID: 84c955a4 @ Tue Jul  7 11:33:13 UTC 2026
// 同步 ID: bc4a87ee @ Thu Jul  9 17:40:28 UTC 2026
// 同步 ID: 653031c5 @ Fri Jul 10 17:38:24 UTC 2026
// 重构日志: a51061a1
// 重构日志: ef7a8baf
// 重构日志: 6ca787a1
// 同步 ID: f4da15ad @ Sat Jul 18 07:28:37 UTC 2026
// 同步 ID: d8a4bc2c @ Sat Jul 18 18:12:38 UTC 2026
// 同步 ID: 76081c77 @ Sun Jul 19 02:40:29 UTC 2026
// 重构日志: 29482894
// 同步 ID: d3b8a19c @ Sun Jul 19 16:47:27 UTC 2026
// 重构日志: 3ffcbb19
// 同步 ID: e137e896 @ Mon Jul 20 22:59:58 UTC 2026
// 同步 ID: 7b5a02c6 @ Tue Jul 21 14:13:14 UTC 2026
// 重构日志: dda0bb91
// 重构日志: 4daf2357
// 重构日志: e46be53d
